F:\AngularDev\DepEMpApi\dropdepemp_1\dist\out-tsc\app\employee.js
F:\AngularDev\DepEMpApi\dropdepemp_1\dist\out-tsc\app\employee.js.map
F:\AngularDev\DepEMpApi\dropdepemp_1\dist\out-tsc\app\empdep.service.js
F:\AngularDev\DepEMpApi\dropdepemp_1\dist\out-tsc\app\empdep.service.js.map
F:\AngularDev\DepEMpApi\dropdepemp_1\dist\out-tsc\app\employee\employee.component.js
F:\AngularDev\DepEMpApi\dropdepemp_1\dist\out-tsc\app\employee\employee.component.js.map
F:\AngularDev\DepEMpApi\dropdepemp_1\dist\out-tsc\app\app-routing.module.js
F:\AngularDev\DepEMpApi\dropdepemp_1\dist\out-tsc\app\app-routing.module.js.map
F:\AngularDev\DepEMpApi\dropdepemp_1\dist\out-tsc\app\app.component.js
F:\AngularDev\DepEMpApi\dropdepemp_1\dist\out-tsc\app\app.component.js.map
F:\AngularDev\DepEMpApi\dropdepemp_1\dist\out-tsc\app\app.module.js
F:\AngularDev\DepEMpApi\dropdepemp_1\dist\out-tsc\app\app.module.js.map
F:\AngularDev\DepEMpApi\dropdepemp_1\dist\out-tsc\main.js
F:\AngularDev\DepEMpApi\dropdepemp_1\dist\out-tsc\main.js.map
F:\AngularDev\DepEMpApi\dropdepemp_1\dist\out-tsc\app\app.component.spec.js
F:\AngularDev\DepEMpApi\dropdepemp_1\dist\out-tsc\app\app.component.spec.js.map
F:\AngularDev\DepEMpApi\dropdepemp_1\dist\out-tsc\app\empdep.service.spec.js
F:\AngularDev\DepEMpApi\dropdepemp_1\dist\out-tsc\app\empdep.service.spec.js.map
F:\AngularDev\DepEMpApi\dropdepemp_1\dist\out-tsc\app\employee.spec.js
F:\AngularDev\DepEMpApi\dropdepemp_1\dist\out-tsc\app\employee.spec.js.map
F:\AngularDev\DepEMpApi\dropdepemp_1\dist\out-tsc\app\employee\employee.component.spec.js
F:\AngularDev\DepEMpApi\dropdepemp_1\dist\out-tsc\app\employee\employee.component.spec.js.map
